[debug] [2022-05-29T20:28:44.016Z] ----------------------------------------------------------------------
[debug] [2022-05-29T20:28:44.018Z] Command:       /home/arb/.nvm/versions/node/v16.15.0/bin/node /usr/local/bin/firebase init
[debug] [2022-05-29T20:28:44.018Z] CLI Version:   11.0.1
[debug] [2022-05-29T20:28:44.018Z] Platform:      linux
[debug] [2022-05-29T20:28:44.018Z] Node Version:  v16.15.0
[debug] [2022-05-29T20:28:44.019Z] Time:          Mon May 30 2022 01:58:44 GMT+0530 (India Standard Time)
[debug] [2022-05-29T20:28:44.019Z] ----------------------------------------------------------------------
[debug] 
[debug] [2022-05-29T20:28:44.071Z] > command requires scopes: ["email","openid","https://www.googleapis.com/auth/cloudplatformprojects.readonly","https://www.googleapis.com/auth/firebase","https://www.googleapis.com/auth/cloud-platform"]
[debug] [2022-05-29T20:28:44.071Z] > authorizing via signed-in user (arbhasun1606@gmail.com)
[info] 
     ######## #### ########  ######## ########     ###     ######  ########
     ##        ##  ##     ## ##       ##     ##  ##   ##  ##       ##
     ######    ##  ########  ######   ########  #########  ######  ######
     ##        ##  ##    ##  ##       ##     ## ##     ##       ## ##
     ##       #### ##     ## ######## ########  ##     ##  ######  ########

You're about to initialize a Firebase project in this directory:

  /home/arb/Arb/Proj/js/Arnav

Before we get started, keep in mind:

  * You are initializing within an existing Firebase project directory

[info] 
=== Project Setup
[info] 
[info] First, let's associate this project directory with a Firebase project.
[info] You can create multiple project aliases by running firebase use --add, 
[info] but for now we'll just set up a default project.
[info] 
[info] i  If you want to create a project in a Google Cloud organization or folder, please use "firebase projects:create" instead, and return to this command when you've created the project. 
[debug] [2022-05-29T20:29:51.683Z] >>> [apiv2][query] POST https://cloudresourcemanager.googleapis.com/v1/projects [none]
[debug] [2022-05-29T20:29:51.683Z] >>> [apiv2][body] POST https://cloudresourcemanager.googleapis.com/v1/projects {"projectId":"arnavFrontEnd","name":"arnavFrontEnd"}
[debug] [2022-05-29T20:29:53.459Z] <<< [apiv2][status] POST https://cloudresourcemanager.googleapis.com/v1/projects 400
[debug] [2022-05-29T20:29:53.459Z] <<< [apiv2][body] POST https://cloudresourcemanager.googleapis.com/v1/projects {"error":{"code":400,"message":"field [project_id] has issue [project_id contains invalid characters]","status":"INVALID_ARGUMENT","details":[{"@type":"type.googleapis.com/google.rpc.BadRequest","fieldViolations":[{"field":"project_id","description":"project_id contains invalid characters"}]},{"@type":"type.googleapis.com/google.rpc.Help","links":[{"url":"https://cloud.google.com/resource-manager/reference/rest/v1/projects"}]}]}}
[debug] [2022-05-29T20:29:53.674Z] FirebaseError: HTTP Error: 400, field [project_id] has issue [project_id contains invalid characters]
    at module.exports (/usr/local/lib/node_modules/firebase-tools/lib/responseToError.js:47:12)
    at RetryOperation._fn (/usr/local/lib/node_modules/firebase-tools/lib/apiv2.js:286:39)
    at processTicksAndRejections (node:internal/process/task_queues:96:5)
[error] 
[error] Error: Failed to create project. See firebase-debug.log for more info.
